<?xml version="1.0" encoding="UTF-8"?>
<testsuite xmlns:xsi="http://www.w3.org/2001/XMLSchema-instance" xsi:noNamespaceSchemaLocation="https://maven.apache.org/surefire/maven-surefire-plugin/xsd/surefire-test-report.xsd" name="org.musala.cucumber.runner.TestRunner" time="0.853" tests="155" errors="0" skipped="140" failures="0">
  <properties>
    <property name="sun.desktop" value="windows"/>
    <property name="awt.toolkit" value="sun.awt.windows.WToolkit"/>
    <property name="file.encoding.pkg" value="sun.io"/>
    <property name="java.specification.version" value="1.8"/>
    <property name="sun.cpu.isalist" value="amd64"/>
    <property name="sun.jnu.encoding" value="Cp1252"/>
    <property name="java.class.path" value="D:\My personal details\Musala soft company\musala.soft.bdd\target\test-classes;D:\My personal details\Musala soft company\musala.soft.bdd\target\classes;C:\Users\maboutaleb\.m2\repository\junit\junit\4.12\junit-4.12.jar;C:\Users\maboutaleb\.m2\repository\org\hamcrest\hamcrest-core\1.3\hamcrest-core-1.3.jar;C:\Users\maboutaleb\.m2\repository\info\cukes\cucumber-java\1.2.5\cucumber-java-1.2.5.jar;C:\Users\maboutaleb\.m2\repository\info\cukes\cucumber-core\1.2.5\cucumber-core-1.2.5.jar;C:\Users\maboutaleb\.m2\repository\info\cukes\cucumber-html\0.2.3\cucumber-html-0.2.3.jar;C:\Users\maboutaleb\.m2\repository\info\cukes\cucumber-junit\1.2.5\cucumber-junit-1.2.5.jar;C:\Users\maboutaleb\.m2\repository\info\cukes\cucumber-picocontainer\1.2.5\cucumber-picocontainer-1.2.5.jar;C:\Users\maboutaleb\.m2\repository\info\cukes\cucumber-jvm-deps\1.0.5\cucumber-jvm-deps-1.0.5.jar;C:\Users\maboutaleb\.m2\repository\info\cukes\gherkin\2.12.2\gherkin-2.12.2.jar;C:\Users\maboutaleb\.m2\repository\org\picocontainer\picocontainer\2.15\picocontainer-2.15.jar;C:\Users\maboutaleb\.m2\repository\io\github\bonigarcia\webdrivermanager\4.4.1\webdrivermanager-4.4.1.jar;C:\Users\maboutaleb\.m2\repository\org\slf4j\slf4j-api\1.7.30\slf4j-api-1.7.30.jar;C:\Users\maboutaleb\.m2\repository\commons-io\commons-io\2.8.0\commons-io-2.8.0.jar;C:\Users\maboutaleb\.m2\repository\com\google\code\gson\gson\2.8.6\gson-2.8.6.jar;C:\Users\maboutaleb\.m2\repository\org\apache\commons\commons-lang3\3.12.0\commons-lang3-3.12.0.jar;C:\Users\maboutaleb\.m2\repository\org\apache\httpcomponents\client5\httpclient5\5.0.3\httpclient5-5.0.3.jar;C:\Users\maboutaleb\.m2\repository\org\apache\httpcomponents\core5\httpcore5\5.0.2\httpcore5-5.0.2.jar;C:\Users\maboutaleb\.m2\repository\org\apache\httpcomponents\core5\httpcore5-h2\5.0.2\httpcore5-h2-5.0.2.jar;C:\Users\maboutaleb\.m2\repository\commons-codec\commons-codec\1.13\commons-codec-1.13.jar;C:\Users\maboutaleb\.m2\repository\org\rauschig\jarchivelib\1.1.0\jarchivelib-1.1.0.jar;C:\Users\maboutaleb\.m2\repository\org\apache\commons\commons-compress\1.20\commons-compress-1.20.jar;C:\Users\maboutaleb\.m2\repository\org\jsoup\jsoup\1.13.1\jsoup-1.13.1.jar;C:\Users\maboutaleb\.m2\repository\org\seleniumhq\selenium\selenium-java\3.141.59\selenium-java-3.141.59.jar;C:\Users\maboutaleb\.m2\repository\org\seleniumhq\selenium\selenium-api\3.141.59\selenium-api-3.141.59.jar;C:\Users\maboutaleb\.m2\repository\org\seleniumhq\selenium\selenium-chrome-driver\3.141.59\selenium-chrome-driver-3.141.59.jar;C:\Users\maboutaleb\.m2\repository\org\seleniumhq\selenium\selenium-edge-driver\3.141.59\selenium-edge-driver-3.141.59.jar;C:\Users\maboutaleb\.m2\repository\org\seleniumhq\selenium\selenium-firefox-driver\3.141.59\selenium-firefox-driver-3.141.59.jar;C:\Users\maboutaleb\.m2\repository\org\seleniumhq\selenium\selenium-ie-driver\3.141.59\selenium-ie-driver-3.141.59.jar;C:\Users\maboutaleb\.m2\repository\org\seleniumhq\selenium\selenium-opera-driver\3.141.59\selenium-opera-driver-3.141.59.jar;C:\Users\maboutaleb\.m2\repository\org\seleniumhq\selenium\selenium-remote-driver\3.141.59\selenium-remote-driver-3.141.59.jar;C:\Users\maboutaleb\.m2\repository\org\seleniumhq\selenium\selenium-safari-driver\3.141.59\selenium-safari-driver-3.141.59.jar;C:\Users\maboutaleb\.m2\repository\org\seleniumhq\selenium\selenium-support\3.141.59\selenium-support-3.141.59.jar;C:\Users\maboutaleb\.m2\repository\net\bytebuddy\byte-buddy\1.8.15\byte-buddy-1.8.15.jar;C:\Users\maboutaleb\.m2\repository\org\apache\commons\commons-exec\1.3\commons-exec-1.3.jar;C:\Users\maboutaleb\.m2\repository\com\google\guava\guava\25.0-jre\guava-25.0-jre.jar;C:\Users\maboutaleb\.m2\repository\com\google\code\findbugs\jsr305\1.3.9\jsr305-1.3.9.jar;C:\Users\maboutaleb\.m2\repository\org\checkerframework\checker-compat-qual\2.0.0\checker-compat-qual-2.0.0.jar;C:\Users\maboutaleb\.m2\repository\com\google\errorprone\error_prone_annotations\2.1.3\error_prone_annotations-2.1.3.jar;C:\Users\maboutaleb\.m2\repository\com\google\j2objc\j2objc-annotations\1.1\j2objc-annotations-1.1.jar;C:\Users\maboutaleb\.m2\repository\org\codehaus\mojo\animal-sniffer-annotations\1.14\animal-sniffer-annotations-1.14.jar;C:\Users\maboutaleb\.m2\repository\com\squareup\okhttp3\okhttp\3.11.0\okhttp-3.11.0.jar;C:\Users\maboutaleb\.m2\repository\com\squareup\okio\okio\1.14.0\okio-1.14.0.jar;C:\Users\maboutaleb\.m2\repository\log4j\log4j\1.2.17\log4j-1.2.17.jar;"/>
    <property name="java.vm.vendor" value="Oracle Corporation"/>
    <property name="sun.arch.data.model" value="64"/>
    <property name="user.variant" value=""/>
    <property name="java.vendor.url" value="http://java.oracle.com/"/>
    <property name="user.timezone" value="Asia/Amman"/>
    <property name="java.vm.specification.version" value="1.8"/>
    <property name="os.name" value="Windows 10"/>
    <property name="user.country" value="US"/>
    <property name="sun.java.launcher" value="SUN_STANDARD"/>
    <property name="sun.boot.library.path" value="C:\Program Files\Java\jdk1.8.0_311\jre\bin"/>
    <property name="sun.java.command" value="C:\Users\maboutaleb\AppData\Local\Temp\surefire7403196522483731336\surefirebooter4863311305922980158.jar C:\Users\maboutaleb\AppData\Local\Temp\surefire7403196522483731336 2021-11-30T03-05-38_446-jvmRun1 surefire2265410130289897732tmp surefire_0511942912768550938tmp"/>
    <property name="surefire.test.class.path" value="D:\My personal details\Musala soft company\musala.soft.bdd\target\test-classes;D:\My personal details\Musala soft company\musala.soft.bdd\target\classes;C:\Users\maboutaleb\.m2\repository\junit\junit\4.12\junit-4.12.jar;C:\Users\maboutaleb\.m2\repository\org\hamcrest\hamcrest-core\1.3\hamcrest-core-1.3.jar;C:\Users\maboutaleb\.m2\repository\info\cukes\cucumber-java\1.2.5\cucumber-java-1.2.5.jar;C:\Users\maboutaleb\.m2\repository\info\cukes\cucumber-core\1.2.5\cucumber-core-1.2.5.jar;C:\Users\maboutaleb\.m2\repository\info\cukes\cucumber-html\0.2.3\cucumber-html-0.2.3.jar;C:\Users\maboutaleb\.m2\repository\info\cukes\cucumber-junit\1.2.5\cucumber-junit-1.2.5.jar;C:\Users\maboutaleb\.m2\repository\info\cukes\cucumber-picocontainer\1.2.5\cucumber-picocontainer-1.2.5.jar;C:\Users\maboutaleb\.m2\repository\info\cukes\cucumber-jvm-deps\1.0.5\cucumber-jvm-deps-1.0.5.jar;C:\Users\maboutaleb\.m2\repository\info\cukes\gherkin\2.12.2\gherkin-2.12.2.jar;C:\Users\maboutaleb\.m2\repository\org\picocontainer\picocontainer\2.15\picocontainer-2.15.jar;C:\Users\maboutaleb\.m2\repository\io\github\bonigarcia\webdrivermanager\4.4.1\webdrivermanager-4.4.1.jar;C:\Users\maboutaleb\.m2\repository\org\slf4j\slf4j-api\1.7.30\slf4j-api-1.7.30.jar;C:\Users\maboutaleb\.m2\repository\commons-io\commons-io\2.8.0\commons-io-2.8.0.jar;C:\Users\maboutaleb\.m2\repository\com\google\code\gson\gson\2.8.6\gson-2.8.6.jar;C:\Users\maboutaleb\.m2\repository\org\apache\commons\commons-lang3\3.12.0\commons-lang3-3.12.0.jar;C:\Users\maboutaleb\.m2\repository\org\apache\httpcomponents\client5\httpclient5\5.0.3\httpclient5-5.0.3.jar;C:\Users\maboutaleb\.m2\repository\org\apache\httpcomponents\core5\httpcore5\5.0.2\httpcore5-5.0.2.jar;C:\Users\maboutaleb\.m2\repository\org\apache\httpcomponents\core5\httpcore5-h2\5.0.2\httpcore5-h2-5.0.2.jar;C:\Users\maboutaleb\.m2\repository\commons-codec\commons-codec\1.13\commons-codec-1.13.jar;C:\Users\maboutaleb\.m2\repository\org\rauschig\jarchivelib\1.1.0\jarchivelib-1.1.0.jar;C:\Users\maboutaleb\.m2\repository\org\apache\commons\commons-compress\1.20\commons-compress-1.20.jar;C:\Users\maboutaleb\.m2\repository\org\jsoup\jsoup\1.13.1\jsoup-1.13.1.jar;C:\Users\maboutaleb\.m2\repository\org\seleniumhq\selenium\selenium-java\3.141.59\selenium-java-3.141.59.jar;C:\Users\maboutaleb\.m2\repository\org\seleniumhq\selenium\selenium-api\3.141.59\selenium-api-3.141.59.jar;C:\Users\maboutaleb\.m2\repository\org\seleniumhq\selenium\selenium-chrome-driver\3.141.59\selenium-chrome-driver-3.141.59.jar;C:\Users\maboutaleb\.m2\repository\org\seleniumhq\selenium\selenium-edge-driver\3.141.59\selenium-edge-driver-3.141.59.jar;C:\Users\maboutaleb\.m2\repository\org\seleniumhq\selenium\selenium-firefox-driver\3.141.59\selenium-firefox-driver-3.141.59.jar;C:\Users\maboutaleb\.m2\repository\org\seleniumhq\selenium\selenium-ie-driver\3.141.59\selenium-ie-driver-3.141.59.jar;C:\Users\maboutaleb\.m2\repository\org\seleniumhq\selenium\selenium-opera-driver\3.141.59\selenium-opera-driver-3.141.59.jar;C:\Users\maboutaleb\.m2\repository\org\seleniumhq\selenium\selenium-remote-driver\3.141.59\selenium-remote-driver-3.141.59.jar;C:\Users\maboutaleb\.m2\repository\org\seleniumhq\selenium\selenium-safari-driver\3.141.59\selenium-safari-driver-3.141.59.jar;C:\Users\maboutaleb\.m2\repository\org\seleniumhq\selenium\selenium-support\3.141.59\selenium-support-3.141.59.jar;C:\Users\maboutaleb\.m2\repository\net\bytebuddy\byte-buddy\1.8.15\byte-buddy-1.8.15.jar;C:\Users\maboutaleb\.m2\repository\org\apache\commons\commons-exec\1.3\commons-exec-1.3.jar;C:\Users\maboutaleb\.m2\repository\com\google\guava\guava\25.0-jre\guava-25.0-jre.jar;C:\Users\maboutaleb\.m2\repository\com\google\code\findbugs\jsr305\1.3.9\jsr305-1.3.9.jar;C:\Users\maboutaleb\.m2\repository\org\checkerframework\checker-compat-qual\2.0.0\checker-compat-qual-2.0.0.jar;C:\Users\maboutaleb\.m2\repository\com\google\errorprone\error_prone_annotations\2.1.3\error_prone_annotations-2.1.3.jar;C:\Users\maboutaleb\.m2\repository\com\google\j2objc\j2objc-annotations\1.1\j2objc-annotations-1.1.jar;C:\Users\maboutaleb\.m2\repository\org\codehaus\mojo\animal-sniffer-annotations\1.14\animal-sniffer-annotations-1.14.jar;C:\Users\maboutaleb\.m2\repository\com\squareup\okhttp3\okhttp\3.11.0\okhttp-3.11.0.jar;C:\Users\maboutaleb\.m2\repository\com\squareup\okio\okio\1.14.0\okio-1.14.0.jar;C:\Users\maboutaleb\.m2\repository\log4j\log4j\1.2.17\log4j-1.2.17.jar;"/>
    <property name="sun.cpu.endian" value="little"/>
    <property name="user.home" value="C:\Users\maboutaleb"/>
    <property name="user.language" value="en"/>
    <property name="java.specification.vendor" value="Oracle Corporation"/>
    <property name="java.home" value="C:\Program Files\Java\jdk1.8.0_311\jre"/>
    <property name="basedir" value="D:\My personal details\Musala soft company\musala.soft.bdd"/>
    <property name="file.separator" value="\"/>
    <property name="line.separator" value="&#10;"/>
    <property name="java.vm.specification.vendor" value="Oracle Corporation"/>
    <property name="java.specification.name" value="Java Platform API Specification"/>
    <property name="java.awt.graphicsenv" value="sun.awt.Win32GraphicsEnvironment"/>
    <property name="surefire.real.class.path" value="C:\Users\maboutaleb\AppData\Local\Temp\surefire7403196522483731336\surefirebooter4863311305922980158.jar"/>
    <property name="sun.boot.class.path" value="C:\Program Files\Java\jdk1.8.0_311\jre\lib\resources.jar;C:\Program Files\Java\jdk1.8.0_311\jre\lib\rt.jar;C:\Program Files\Java\jdk1.8.0_311\jre\lib\sunrsasign.jar;C:\Program Files\Java\jdk1.8.0_311\jre\lib\jsse.jar;C:\Program Files\Java\jdk1.8.0_311\jre\lib\jce.jar;C:\Program Files\Java\jdk1.8.0_311\jre\lib\charsets.jar;C:\Program Files\Java\jdk1.8.0_311\jre\lib\jfr.jar;C:\Program Files\Java\jdk1.8.0_311\jre\classes"/>
    <property name="user.script" value=""/>
    <property name="sun.management.compiler" value="HotSpot 64-Bit Tiered Compilers"/>
    <property name="java.runtime.version" value="1.8.0_311-b11"/>
    <property name="user.name" value="maboutaleb"/>
    <property name="path.separator" value=";"/>
    <property name="os.version" value="10.0"/>
    <property name="java.endorsed.dirs" value="C:\Program Files\Java\jdk1.8.0_311\jre\lib\endorsed"/>
    <property name="java.runtime.name" value="Java(TM) SE Runtime Environment"/>
    <property name="file.encoding" value="Cp1252"/>
    <property name="java.vm.name" value="Java HotSpot(TM) 64-Bit Server VM"/>
    <property name="localRepository" value="C:\Users\maboutaleb\.m2\repository"/>
    <property name="java.vendor.url.bug" value="http://bugreport.sun.com/bugreport/"/>
    <property name="java.io.tmpdir" value="C:\Users\maboutaleb\AppData\Local\Temp\"/>
    <property name="idea.version" value="2021.2.3"/>
    <property name="java.version" value="1.8.0_311"/>
    <property name="user.dir" value="D:\My personal details\Musala soft company\musala.soft.bdd"/>
    <property name="os.arch" value="amd64"/>
    <property name="java.vm.specification.name" value="Java Virtual Machine Specification"/>
    <property name="java.awt.printerjob" value="sun.awt.windows.WPrinterJob"/>
    <property name="sun.os.patch.level" value=""/>
    <property name="java.library.path" value="C:\Program Files\Java\jdk1.8.0_311\jre\bin;C:\WINDOWS\Sun\Java\bin;C:\WINDOWS\system32;C:\WINDOWS;C:\Program Files\Common Files\Oracle\Java\javapath;C:\WINDOWS\system32;C:\WINDOWS;C:\WINDOWS\System32\Wbem;C:\WINDOWS\System32\WindowsPowerShell\v1.0\;C:\WINDOWS\System32\OpenSSH\;C:\Program Files\Intel\WiFi\bin\;C:\Program Files\Common Files\Intel\WirelessCommon\;C:\ProgramData\chocolatey\bin;C:\Program Files\Git\cmd;C:\Program Files (x86)\Pulse Secure\VC142.CRT\X64\;C:\Program Files (x86)\Pulse Secure\VC142.CRT\X86\;C:\Program Files\nodejs\;C:\ffmpeg\bin;C:\Users\maboutaleb\Documents\ShareX\Tools\ffmpeg\bin;C:\Program Files\Docker\Docker\resources\bin;C:\ProgramData\DockerDesktop\version-bin;C:\Program Files\apache-maven-3.8.2\bin;C:\Program Files\apache-maven-3.8.2\bin;C:\Program Files\Java\jdk1.8.0_311\bin;C:\Users\maboutaleb\AppData\Local\Microsoft\WindowsApps;C:\Users\maboutaleb\AppData\Local\Programs\Microsoft VS Code\bin;C:\Program Files\liquibase;C:\Users\maboutaleb\AppData\Roaming\npm;."/>
    <property name="java.vm.info" value="mixed mode"/>
    <property name="java.vendor" value="Oracle Corporation"/>
    <property name="java.vm.version" value="25.311-b11"/>
    <property name="java.ext.dirs" value="C:\Program Files\Java\jdk1.8.0_311\jre\lib\ext;C:\WINDOWS\Sun\Java\lib\ext"/>
    <property name="sun.io.unicode.encoding" value="UnicodeLittle"/>
    <property name="java.class.version" value="52.0"/>
  </properties>
  <testcase name="Given open contact page" classname="| test@test |" time="0">
    <skipped/>
  </testcase>
  <testcase name="And user fill the form as fllow" classname="| test@test |" time="0">
    <skipped/>
  </testcase>
  <testcase name="When user click on send" classname="| test@test |" time="0">
    <skipped/>
  </testcase>
  <testcase name="Then error message should be displayed" classname="| test@test |" time="0">
    <skipped/>
  </testcase>
  <testcase name="| test@test |" classname="| test@test |" time="0">
    <skipped/>
  </testcase>
  <testcase name="| test@test |" classname="| test@test |" time="0.067"/>
  <testcase name="Given open contact page" classname="| test.com |" time="0">
    <skipped/>
  </testcase>
  <testcase name="And user fill the form as fllow" classname="| test.com |" time="0">
    <skipped/>
  </testcase>
  <testcase name="When user click on send" classname="| test.com |" time="0">
    <skipped/>
  </testcase>
  <testcase name="Then error message should be displayed" classname="| test.com |" time="0">
    <skipped/>
  </testcase>
  <testcase name="| test.com |" classname="| test.com |" time="0">
    <skipped/>
  </testcase>
  <testcase name="| test.com |" classname="| test.com |" time="0.005"/>
  <testcase name="Given open contact page" classname="| test |" time="0">
    <skipped/>
  </testcase>
  <testcase name="And user fill the form as fllow" classname="| test |" time="0">
    <skipped/>
  </testcase>
  <testcase name="When user click on send" classname="| test |" time="0">
    <skipped/>
  </testcase>
  <testcase name="Then error message should be displayed" classname="| test |" time="0">
    <skipped/>
  </testcase>
  <testcase name="| test |" classname="| test |" time="0">
    <skipped/>
  </testcase>
  <testcase name="| test |" classname="| test |" time="0.003"/>
  <testcase name="Given open contact page" classname="| @test.com |" time="0">
    <skipped/>
  </testcase>
  <testcase name="And user fill the form as fllow" classname="| @test.com |" time="0">
    <skipped/>
  </testcase>
  <testcase name="When user click on send" classname="| @test.com |" time="0">
    <skipped/>
  </testcase>
  <testcase name="Then error message should be displayed" classname="| @test.com |" time="0">
    <skipped/>
  </testcase>
  <testcase name="| @test.com |" classname="| @test.com |" time="0">
    <skipped/>
  </testcase>
  <testcase name="| @test.com |" classname="| @test.com |" time="0.018"/>
  <testcase name="Given open contact page" classname="| .com |" time="0">
    <skipped/>
  </testcase>
  <testcase name="And user fill the form as fllow" classname="| .com |" time="0">
    <skipped/>
  </testcase>
  <testcase name="When user click on send" classname="| .com |" time="0">
    <skipped/>
  </testcase>
  <testcase name="Then error message should be displayed" classname="| .com |" time="0">
    <skipped/>
  </testcase>
  <testcase name="| .com |" classname="| .com |" time="0">
    <skipped/>
  </testcase>
  <testcase name="| .com |" classname="| .com |" time="0.006"/>
  <testcase name="Given open company page" classname="Scenario: Verifying URLs of company and facebook pages and leadership section and Fb picture profile" time="0">
    <skipped/>
  </testcase>
  <testcase name="Then the correct URL is loaded" classname="Scenario: Verifying URLs of company and facebook pages and leadership section and Fb picture profile" time="0">
    <skipped/>
  </testcase>
  <testcase name="And the leadership section is visible" classname="Scenario: Verifying URLs of company and facebook pages and leadership section and Fb picture profile" time="0">
    <skipped/>
  </testcase>
  <testcase name="When user open the facebook link" classname="Scenario: Verifying URLs of company and facebook pages and leadership section and Fb picture profile" time="0">
    <skipped/>
  </testcase>
  <testcase name="Then the facebook URL is loaded" classname="Scenario: Verifying URLs of company and facebook pages and leadership section and Fb picture profile" time="0">
    <skipped/>
  </testcase>
  <testcase name="And the Musala Soft profile picture appears on the new page" classname="Scenario: Verifying URLs of company and facebook pages and leadership section and Fb picture profile" time="0">
    <skipped/>
  </testcase>
  <testcase name="Scenario: Verifying URLs of company and facebook pages and leadership section and Fb picture profile" classname="Scenario: Verifying URLs of company and facebook pages and leadership section and Fb picture profile" time="0">
    <skipped/>
  </testcase>
  <testcase name="Scenario: Verifying URLs of company and facebook pages and leadership section and Fb picture profile" classname="Scenario: Verifying URLs of company and facebook pages and leadership section and Fb picture profile" time="0.008"/>
  <testcase name="Given open careers page" classname="|  | a@dd.com | 00333331 | aaaaa | The field is required. |" time="0">
    <skipped/>
  </testcase>
  <testcase name="And user click on check our open positions button" classname="|  | a@dd.com | 00333331 | aaaaa | The field is required. |" time="0">
    <skipped/>
  </testcase>
  <testcase name="Then the correct URL of join us page is loaded" classname="|  | a@dd.com | 00333331 | aaaaa | The field is required. |" time="0">
    <skipped/>
  </testcase>
  <testcase name="When user select &quot;Anywhere&quot; from location dropdown list" classname="|  | a@dd.com | 00333331 | aaaaa | The field is required. |" time="0">
    <skipped/>
  </testcase>
  <testcase name="And select &quot;Java Developer&quot; position" classname="|  | a@dd.com | 00333331 | aaaaa | The field is required. |" time="0">
    <skipped/>
  </testcase>
  <testcase name="Then the following sections are displayed" classname="|  | a@dd.com | 00333331 | aaaaa | The field is required. |" time="0">
    <skipped/>
  </testcase>
  <testcase name="And the apply button is displayed" classname="|  | a@dd.com | 00333331 | aaaaa | The field is required. |" time="0">
    <skipped/>
  </testcase>
  <testcase name="And user click on apply button" classname="|  | a@dd.com | 00333331 | aaaaa | The field is required. |" time="0">
    <skipped/>
  </testcase>
  <testcase name="And user fill the position form as fllow" classname="|  | a@dd.com | 00333331 | aaaaa | The field is required. |" time="0">
    <skipped/>
  </testcase>
  <testcase name="And Upload &quot;MyCv.pdf&quot; CV" classname="|  | a@dd.com | 00333331 | aaaaa | The field is required. |" time="0">
    <skipped/>
  </testcase>
  <testcase name="When user click on send" classname="|  | a@dd.com | 00333331 | aaaaa | The field is required. |" time="0">
    <skipped/>
  </testcase>
  <testcase name="And user click on close button of the popup" classname="|  | a@dd.com | 00333331 | aaaaa | The field is required. |" time="0">
    <skipped/>
  </testcase>
  <testcase name="Then error messages &quot;The field is required.&quot; should be displayed" classname="|  | a@dd.com | 00333331 | aaaaa | The field is required. |" time="0">
    <skipped/>
  </testcase>
  <testcase name="|  | a@dd.com | 00333331 | aaaaa | The field is required. |" classname="|  | a@dd.com | 00333331 | aaaaa | The field is required. |" time="0">
    <skipped/>
  </testcase>
  <testcase name="|  | a@dd.com | 00333331 | aaaaa | The field is required. |" classname="|  | a@dd.com | 00333331 | aaaaa | The field is required. |" time="0.012"/>
  <testcase name="Given open careers page" classname="| aaa |  | 00222222 | aa11 | The field is required. |" time="0">
    <skipped/>
  </testcase>
  <testcase name="And user click on check our open positions button" classname="| aaa |  | 00222222 | aa11 | The field is required. |" time="0">
    <skipped/>
  </testcase>
  <testcase name="Then the correct URL of join us page is loaded" classname="| aaa |  | 00222222 | aa11 | The field is required. |" time="0">
    <skipped/>
  </testcase>
  <testcase name="When user select &quot;Anywhere&quot; from location dropdown list" classname="| aaa |  | 00222222 | aa11 | The field is required. |" time="0">
    <skipped/>
  </testcase>
  <testcase name="And select &quot;Java Developer&quot; position" classname="| aaa |  | 00222222 | aa11 | The field is required. |" time="0">
    <skipped/>
  </testcase>
  <testcase name="Then the following sections are displayed" classname="| aaa |  | 00222222 | aa11 | The field is required. |" time="0">
    <skipped/>
  </testcase>
  <testcase name="And the apply button is displayed" classname="| aaa |  | 00222222 | aa11 | The field is required. |" time="0">
    <skipped/>
  </testcase>
  <testcase name="And user click on apply button" classname="| aaa |  | 00222222 | aa11 | The field is required. |" time="0">
    <skipped/>
  </testcase>
  <testcase name="And user fill the position form as fllow" classname="| aaa |  | 00222222 | aa11 | The field is required. |" time="0">
    <skipped/>
  </testcase>
  <testcase name="And Upload &quot;MyCv.pdf&quot; CV" classname="| aaa |  | 00222222 | aa11 | The field is required. |" time="0">
    <skipped/>
  </testcase>
  <testcase name="When user click on send" classname="| aaa |  | 00222222 | aa11 | The field is required. |" time="0">
    <skipped/>
  </testcase>
  <testcase name="And user click on close button of the popup" classname="| aaa |  | 00222222 | aa11 | The field is required. |" time="0">
    <skipped/>
  </testcase>
  <testcase name="Then error messages &quot;The field is required.&quot; should be displayed" classname="| aaa |  | 00222222 | aa11 | The field is required. |" time="0">
    <skipped/>
  </testcase>
  <testcase name="| aaa |  | 00222222 | aa11 | The field is required. |" classname="| aaa |  | 00222222 | aa11 | The field is required. |" time="0">
    <skipped/>
  </testcase>
  <testcase name="| aaa |  | 00222222 | aa11 | The field is required. |" classname="| aaa |  | 00222222 | aa11 | The field is required. |" time="0.008"/>
  <testcase name="Given open careers page" classname="| aa11 | a_b@cd.ca |  | aa@@ | The field is required. |" time="0">
    <skipped/>
  </testcase>
  <testcase name="And user click on check our open positions button" classname="| aa11 | a_b@cd.ca |  | aa@@ | The field is required. |" time="0">
    <skipped/>
  </testcase>
  <testcase name="Then the correct URL of join us page is loaded" classname="| aa11 | a_b@cd.ca |  | aa@@ | The field is required. |" time="0">
    <skipped/>
  </testcase>
  <testcase name="When user select &quot;Anywhere&quot; from location dropdown list" classname="| aa11 | a_b@cd.ca |  | aa@@ | The field is required. |" time="0">
    <skipped/>
  </testcase>
  <testcase name="And select &quot;Java Developer&quot; position" classname="| aa11 | a_b@cd.ca |  | aa@@ | The field is required. |" time="0">
    <skipped/>
  </testcase>
  <testcase name="Then the following sections are displayed" classname="| aa11 | a_b@cd.ca |  | aa@@ | The field is required. |" time="0">
    <skipped/>
  </testcase>
  <testcase name="And the apply button is displayed" classname="| aa11 | a_b@cd.ca |  | aa@@ | The field is required. |" time="0">
    <skipped/>
  </testcase>
  <testcase name="And user click on apply button" classname="| aa11 | a_b@cd.ca |  | aa@@ | The field is required. |" time="0">
    <skipped/>
  </testcase>
  <testcase name="And user fill the position form as fllow" classname="| aa11 | a_b@cd.ca |  | aa@@ | The field is required. |" time="0">
    <skipped/>
  </testcase>
  <testcase name="And Upload &quot;MyCv.pdf&quot; CV" classname="| aa11 | a_b@cd.ca |  | aa@@ | The field is required. |" time="0">
    <skipped/>
  </testcase>
  <testcase name="When user click on send" classname="| aa11 | a_b@cd.ca |  | aa@@ | The field is required. |" time="0">
    <skipped/>
  </testcase>
  <testcase name="And user click on close button of the popup" classname="| aa11 | a_b@cd.ca |  | aa@@ | The field is required. |" time="0">
    <skipped/>
  </testcase>
  <testcase name="Then error messages &quot;The field is required.&quot; should be displayed" classname="| aa11 | a_b@cd.ca |  | aa@@ | The field is required. |" time="0">
    <skipped/>
  </testcase>
  <testcase name="| aa11 | a_b@cd.ca |  | aa@@ | The field is required. |" classname="| aa11 | a_b@cd.ca |  | aa@@ | The field is required. |" time="0">
    <skipped/>
  </testcase>
  <testcase name="| aa11 | a_b@cd.ca |  | aa@@ | The field is required. |" classname="| aa11 | a_b@cd.ca |  | aa@@ | The field is required. |" time="0.026"/>
  <testcase name="Given open careers page" classname="| aa@2 | a1@a1.org | 0123456789 |  | The field is required. |" time="0">
    <skipped/>
  </testcase>
  <testcase name="And user click on check our open positions button" classname="| aa@2 | a1@a1.org | 0123456789 |  | The field is required. |" time="0">
    <skipped/>
  </testcase>
  <testcase name="Then the correct URL of join us page is loaded" classname="| aa@2 | a1@a1.org | 0123456789 |  | The field is required. |" time="0">
    <skipped/>
  </testcase>
  <testcase name="When user select &quot;Anywhere&quot; from location dropdown list" classname="| aa@2 | a1@a1.org | 0123456789 |  | The field is required. |" time="0">
    <skipped/>
  </testcase>
  <testcase name="And select &quot;Java Developer&quot; position" classname="| aa@2 | a1@a1.org | 0123456789 |  | The field is required. |" time="0">
    <skipped/>
  </testcase>
  <testcase name="Then the following sections are displayed" classname="| aa@2 | a1@a1.org | 0123456789 |  | The field is required. |" time="0">
    <skipped/>
  </testcase>
  <testcase name="And the apply button is displayed" classname="| aa@2 | a1@a1.org | 0123456789 |  | The field is required. |" time="0">
    <skipped/>
  </testcase>
  <testcase name="And user click on apply button" classname="| aa@2 | a1@a1.org | 0123456789 |  | The field is required. |" time="0">
    <skipped/>
  </testcase>
  <testcase name="And user fill the position form as fllow" classname="| aa@2 | a1@a1.org | 0123456789 |  | The field is required. |" time="0">
    <skipped/>
  </testcase>
  <testcase name="And Upload &quot;MyCv.pdf&quot; CV" classname="| aa@2 | a1@a1.org | 0123456789 |  | The field is required. |" time="0">
    <skipped/>
  </testcase>
  <testcase name="When user click on send" classname="| aa@2 | a1@a1.org | 0123456789 |  | The field is required. |" time="0">
    <skipped/>
  </testcase>
  <testcase name="And user click on close button of the popup" classname="| aa@2 | a1@a1.org | 0123456789 |  | The field is required. |" time="0">
    <skipped/>
  </testcase>
  <testcase name="Then error messages &quot;The field is required.&quot; should be displayed" classname="| aa@2 | a1@a1.org | 0123456789 |  | The field is required. |" time="0">
    <skipped/>
  </testcase>
  <testcase name="| aa@2 | a1@a1.org | 0123456789 |  | The field is required. |" classname="| aa@2 | a1@a1.org | 0123456789 |  | The field is required. |" time="0">
    <skipped/>
  </testcase>
  <testcase name="| aa@2 | a1@a1.org | 0123456789 |  | The field is required. |" classname="| aa@2 | a1@a1.org | 0123456789 |  | The field is required. |" time="0.013"/>
  <testcase name="Given open careers page" classname="| aa#3 | a@a | 110222099 | 11111 | The e-mail address entered is invalid. |" time="0">
    <skipped/>
  </testcase>
  <testcase name="And user click on check our open positions button" classname="| aa#3 | a@a | 110222099 | 11111 | The e-mail address entered is invalid. |" time="0">
    <skipped/>
  </testcase>
  <testcase name="Then the correct URL of join us page is loaded" classname="| aa#3 | a@a | 110222099 | 11111 | The e-mail address entered is invalid. |" time="0">
    <skipped/>
  </testcase>
  <testcase name="When user select &quot;Anywhere&quot; from location dropdown list" classname="| aa#3 | a@a | 110222099 | 11111 | The e-mail address entered is invalid. |" time="0">
    <skipped/>
  </testcase>
  <testcase name="And select &quot;Java Developer&quot; position" classname="| aa#3 | a@a | 110222099 | 11111 | The e-mail address entered is invalid. |" time="0">
    <skipped/>
  </testcase>
  <testcase name="Then the following sections are displayed" classname="| aa#3 | a@a | 110222099 | 11111 | The e-mail address entered is invalid. |" time="0">
    <skipped/>
  </testcase>
  <testcase name="And the apply button is displayed" classname="| aa#3 | a@a | 110222099 | 11111 | The e-mail address entered is invalid. |" time="0">
    <skipped/>
  </testcase>
  <testcase name="And user click on apply button" classname="| aa#3 | a@a | 110222099 | 11111 | The e-mail address entered is invalid. |" time="0">
    <skipped/>
  </testcase>
  <testcase name="And user fill the position form as fllow" classname="| aa#3 | a@a | 110222099 | 11111 | The e-mail address entered is invalid. |" time="0">
    <skipped/>
  </testcase>
  <testcase name="And Upload &quot;MyCv.pdf&quot; CV" classname="| aa#3 | a@a | 110222099 | 11111 | The e-mail address entered is invalid. |" time="0">
    <skipped/>
  </testcase>
  <testcase name="When user click on send" classname="| aa#3 | a@a | 110222099 | 11111 | The e-mail address entered is invalid. |" time="0">
    <skipped/>
  </testcase>
  <testcase name="And user click on close button of the popup" classname="| aa#3 | a@a | 110222099 | 11111 | The e-mail address entered is invalid. |" time="0">
    <skipped/>
  </testcase>
  <testcase name="Then error messages &quot;The e-mail address entered is invalid.&quot; should be displayed" classname="| aa#3 | a@a | 110222099 | 11111 | The e-mail address entered is invalid. |" time="0">
    <skipped/>
  </testcase>
  <testcase name="| aa#3 | a@a | 110222099 | 11111 | The e-mail address entered is invalid. |" classname="| aa#3 | a@a | 110222099 | 11111 | The e-mail address entered is invalid. |" time="0">
    <skipped/>
  </testcase>
  <testcase name="| aa#3 | a@a | 110222099 | 11111 | The e-mail address entered is invalid. |" classname="| aa#3 | a@a | 110222099 | 11111 | The e-mail address entered is invalid. |" time="0.01"/>
  <testcase name="Given open careers page" classname="| aa aa | a@a.ca | @@@ | @@@@@ | The telephone number is invalid. |" time="0">
    <skipped/>
  </testcase>
  <testcase name="And user click on check our open positions button" classname="| aa aa | a@a.ca | @@@ | @@@@@ | The telephone number is invalid. |" time="0">
    <skipped/>
  </testcase>
  <testcase name="Then the correct URL of join us page is loaded" classname="| aa aa | a@a.ca | @@@ | @@@@@ | The telephone number is invalid. |" time="0">
    <skipped/>
  </testcase>
  <testcase name="When user select &quot;Anywhere&quot; from location dropdown list" classname="| aa aa | a@a.ca | @@@ | @@@@@ | The telephone number is invalid. |" time="0">
    <skipped/>
  </testcase>
  <testcase name="And select &quot;Java Developer&quot; position" classname="| aa aa | a@a.ca | @@@ | @@@@@ | The telephone number is invalid. |" time="0">
    <skipped/>
  </testcase>
  <testcase name="Then the following sections are displayed" classname="| aa aa | a@a.ca | @@@ | @@@@@ | The telephone number is invalid. |" time="0">
    <skipped/>
  </testcase>
  <testcase name="And the apply button is displayed" classname="| aa aa | a@a.ca | @@@ | @@@@@ | The telephone number is invalid. |" time="0">
    <skipped/>
  </testcase>
  <testcase name="And user click on apply button" classname="| aa aa | a@a.ca | @@@ | @@@@@ | The telephone number is invalid. |" time="0">
    <skipped/>
  </testcase>
  <testcase name="And user fill the position form as fllow" classname="| aa aa | a@a.ca | @@@ | @@@@@ | The telephone number is invalid. |" time="0">
    <skipped/>
  </testcase>
  <testcase name="And Upload &quot;MyCv.pdf&quot; CV" classname="| aa aa | a@a.ca | @@@ | @@@@@ | The telephone number is invalid. |" time="0">
    <skipped/>
  </testcase>
  <testcase name="When user click on send" classname="| aa aa | a@a.ca | @@@ | @@@@@ | The telephone number is invalid. |" time="0">
    <skipped/>
  </testcase>
  <testcase name="And user click on close button of the popup" classname="| aa aa | a@a.ca | @@@ | @@@@@ | The telephone number is invalid. |" time="0">
    <skipped/>
  </testcase>
  <testcase name="Then error messages &quot;The telephone number is invalid.&quot; should be displayed" classname="| aa aa | a@a.ca | @@@ | @@@@@ | The telephone number is invalid. |" time="0">
    <skipped/>
  </testcase>
  <testcase name="| aa aa | a@a.ca | @@@ | @@@@@ | The telephone number is invalid. |" classname="| aa aa | a@a.ca | @@@ | @@@@@ | The telephone number is invalid. |" time="0">
    <skipped/>
  </testcase>
  <testcase name="| aa aa | a@a.ca | @@@ | @@@@@ | The telephone number is invalid. |" classname="| aa aa | a@a.ca | @@@ | @@@@@ | The telephone number is invalid. |" time="0.009"/>
  <testcase name="Given open careers page" classname="| a b c | a@a.net | aaaa | as | The telephone number is invalid. |" time="0">
    <skipped/>
  </testcase>
  <testcase name="And user click on check our open positions button" classname="| a b c | a@a.net | aaaa | as | The telephone number is invalid. |" time="0">
    <skipped/>
  </testcase>
  <testcase name="Then the correct URL of join us page is loaded" classname="| a b c | a@a.net | aaaa | as | The telephone number is invalid. |" time="0">
    <skipped/>
  </testcase>
  <testcase name="When user select &quot;Anywhere&quot; from location dropdown list" classname="| a b c | a@a.net | aaaa | as | The telephone number is invalid. |" time="0">
    <skipped/>
  </testcase>
  <testcase name="And select &quot;Java Developer&quot; position" classname="| a b c | a@a.net | aaaa | as | The telephone number is invalid. |" time="0">
    <skipped/>
  </testcase>
  <testcase name="Then the following sections are displayed" classname="| a b c | a@a.net | aaaa | as | The telephone number is invalid. |" time="0">
    <skipped/>
  </testcase>
  <testcase name="And the apply button is displayed" classname="| a b c | a@a.net | aaaa | as | The telephone number is invalid. |" time="0">
    <skipped/>
  </testcase>
  <testcase name="And user click on apply button" classname="| a b c | a@a.net | aaaa | as | The telephone number is invalid. |" time="0">
    <skipped/>
  </testcase>
  <testcase name="And user fill the position form as fllow" classname="| a b c | a@a.net | aaaa | as | The telephone number is invalid. |" time="0">
    <skipped/>
  </testcase>
  <testcase name="And Upload &quot;MyCv.pdf&quot; CV" classname="| a b c | a@a.net | aaaa | as | The telephone number is invalid. |" time="0">
    <skipped/>
  </testcase>
  <testcase name="When user click on send" classname="| a b c | a@a.net | aaaa | as | The telephone number is invalid. |" time="0">
    <skipped/>
  </testcase>
  <testcase name="And user click on close button of the popup" classname="| a b c | a@a.net | aaaa | as | The telephone number is invalid. |" time="0">
    <skipped/>
  </testcase>
  <testcase name="Then error messages &quot;The telephone number is invalid.&quot; should be displayed" classname="| a b c | a@a.net | aaaa | as | The telephone number is invalid. |" time="0">
    <skipped/>
  </testcase>
  <testcase name="| a b c | a@a.net | aaaa | as | The telephone number is invalid. |" classname="| a b c | a@a.net | aaaa | as | The telephone number is invalid. |" time="0">
    <skipped/>
  </testcase>
  <testcase name="| a b c | a@a.net | aaaa | as | The telephone number is invalid. |" classname="| a b c | a@a.net | aaaa | as | The telephone number is invalid. |" time="0.021"/>
  <testcase name="Given open careers page" classname="| Sofia |" time="0">
    <skipped/>
  </testcase>
  <testcase name="And user click on check our open positions button" classname="| Sofia |" time="0">
    <skipped/>
  </testcase>
  <testcase name="When user select &quot;Sofia&quot; from location dropdown list" classname="| Sofia |" time="0">
    <skipped/>
  </testcase>
  <testcase name="And print opened positions for &quot;Sofia&quot; city" classname="| Sofia |" time="0">
    <skipped/>
  </testcase>
  <testcase name="| Sofia |" classname="| Sofia |" time="0">
    <skipped/>
  </testcase>
  <testcase name="| Sofia |" classname="| Sofia |" time="0"/>
  <testcase name="Given open careers page" classname="| Skopje |" time="0">
    <skipped/>
  </testcase>
  <testcase name="And user click on check our open positions button" classname="| Skopje |" time="0">
    <skipped/>
  </testcase>
  <testcase name="When user select &quot;Skopje&quot; from location dropdown list" classname="| Skopje |" time="0">
    <skipped/>
  </testcase>
  <testcase name="And print opened positions for &quot;Skopje&quot; city" classname="| Skopje |" time="0">
    <skipped/>
  </testcase>
  <testcase name="| Skopje |" classname="| Skopje |" time="0">
    <skipped/>
  </testcase>
  <testcase name="| Skopje |" classname="| Skopje |" time="0.003"/>
</testsuite>